<?xml version="1.0" encoding="UTF-8" ?>
<testsuites disabled="0" errors="0" failures="0" tests="1" time="0.003">
 <testsuite name="default export" timestamp="2019-02-28T14:21:02" hostname="localhost" time="0.003" errors="0" tests="1" skipped="0" disabled="0" failures="0">
  <testcase classname="default export" name="should be usable as a higher-order component" time="0.002" />
 </testsuite>
</testsuites>